2018-12-09 17:59:29 INFO  ApacheHttpClient.sendEvent(523) - responseCode = 200
2018-12-09 18:00:29 INFO  ApacheHttpClient.sendEvent(523) - responseCode = 200
2018-12-09 18:01:29 INFO  ApacheHttpClient.sendEvent(523) - responseCode = 200
2018-12-09 18:02:29 INFO  ApacheHttpClient.sendEvent(523) - responseCode = 200
2018-12-09 18:03:29 INFO  ApacheHttpClient.sendEvent(523) - responseCode = 200
2018-12-09 18:04:29 INFO  ApacheHttpClient.sendEvent(523) - responseCode = 200
2018-12-09 18:05:29 INFO  ApacheHttpClient.sendEvent(523) - responseCode = 200
2018-12-09 18:06:29 INFO  ApacheHttpClient.sendEvent(523) - responseCode = 200
2018-12-09 18:07:29 INFO  ApacheHttpClient.sendEvent(523) - responseCode = 200
2018-12-09 18:08:29 INFO  ApacheHttpClient.sendEvent(523) - responseCode = 200
2018-12-09 18:08:46 INFO  ApacheHttpClient.testConnection(190) - responseCode = 200
2018-12-09 18:08:46 INFO  ApacheHttpClient.testConnection(201) - result = true
2018-12-09 18:08:53 INFO  ApacheHttpClient.getWebResourceAsStream(490) - responseCode = 200
2018-12-09 18:08:53 INFO  ApacheHttpClient.getWebResourceAsStream(490) - responseCode = 200
2018-12-09 18:08:53 INFO  ApacheHttpClient.getTask(475) - responseCode = 200
2018-12-09 18:08:54 INFO  ApacheHttpClient.completed(27) - responseCode = 200
2018-12-09 18:08:54 INFO  ApacheHttpClient.getTask(475) - responseCode = 200
2018-12-09 18:09:27 INFO  ApacheHttpClient.getWebResourceAsStream(490) - responseCode = 200
2018-12-09 18:09:27 INFO  ApacheHttpClient.getFilteredTasks(327) - responseCode = 200
2018-12-09 18:09:29 INFO  ApacheHttpClient.sendEvent(523) - responseCode = 200
2018-12-09 18:09:29 INFO  ApacheHttpClient.getTaskTemplateInfo(344) - responseCode = 200
2018-12-09 18:09:32 INFO  ApacheHttpClient.testConnection(190) - responseCode = 200
2018-12-09 18:09:32 INFO  ApacheHttpClient.testConnection(201) - result = true
2018-12-09 18:09:35 INFO  ApacheHttpClient.testConnection(190) - responseCode = 200
2018-12-09 18:09:35 INFO  ApacheHttpClient.testConnection(201) - result = true
2018-12-09 18:09:35 INFO  ApacheHttpClient.getWebResourceAsStream(490) - responseCode = 200
2018-12-09 18:09:35 INFO  ApacheHttpClient.getTaskTemplateInfo(344) - responseCode = 200
2018-12-09 18:09:39 INFO  ApacheHttpClient.testConnection(190) - responseCode = 200
2018-12-09 18:09:39 INFO  ApacheHttpClient.testConnection(201) - result = true
2018-12-09 18:09:42 INFO  ApacheHttpClient.testConnection(190) - responseCode = 200
2018-12-09 18:09:42 INFO  ApacheHttpClient.testConnection(201) - result = true
2018-12-09 18:09:42 INFO  ApacheHttpClient.getWebResourceAsStream(490) - responseCode = 200
2018-12-09 18:10:29 INFO  ApacheHttpClient.sendEvent(523) - responseCode = 200
2018-12-09 18:11:29 INFO  ApacheHttpClient.sendEvent(523) - responseCode = 200
2018-12-09 18:12:29 INFO  ApacheHttpClient.sendEvent(523) - responseCode = 200
2018-12-09 18:13:29 INFO  ApacheHttpClient.sendEvent(523) - responseCode = 200
2018-12-09 18:14:29 INFO  ApacheHttpClient.sendEvent(523) - responseCode = 200
2018-12-09 18:15:29 INFO  ApacheHttpClient.sendEvent(523) - responseCode = 200
2018-12-09 18:16:29 INFO  ApacheHttpClient.sendEvent(523) - responseCode = 200
2018-12-09 18:17:29 INFO  ApacheHttpClient.sendEvent(523) - responseCode = 200
2018-12-09 18:18:29 INFO  ApacheHttpClient.sendEvent(523) - responseCode = 200
2018-12-09 18:19:29 INFO  ApacheHttpClient.sendEvent(523) - responseCode = 200
2018-12-09 18:20:29 INFO  ApacheHttpClient.sendEvent(523) - responseCode = 200
2018-12-09 18:21:29 INFO  ApacheHttpClient.sendEvent(523) - responseCode = 200
2018-12-09 18:22:29 INFO  ApacheHttpClient.sendEvent(523) - responseCode = 200
2018-12-09 18:23:29 INFO  ApacheHttpClient.sendEvent(523) - responseCode = 200
2018-12-09 18:24:29 INFO  ApacheHttpClient.sendEvent(523) - responseCode = 200
2018-12-09 18:25:29 INFO  ApacheHttpClient.sendEvent(523) - responseCode = 200
2018-12-09 18:26:29 INFO  ApacheHttpClient.sendEvent(523) - responseCode = 200
2018-12-09 18:27:29 INFO  ApacheHttpClient.sendEvent(523) - responseCode = 200
2018-12-09 18:28:29 INFO  ApacheHttpClient.sendEvent(523) - responseCode = 200
2018-12-09 18:29:29 INFO  ApacheHttpClient.sendEvent(523) - responseCode = 200
2018-12-09 18:30:29 INFO  ApacheHttpClient.sendEvent(523) - responseCode = 200
2018-12-09 18:31:29 INFO  ApacheHttpClient.sendEvent(523) - responseCode = 200
2018-12-09 18:32:29 INFO  ApacheHttpClient.sendEvent(523) - responseCode = 200
2018-12-09 18:33:29 INFO  ApacheHttpClient.sendEvent(523) - responseCode = 200
2018-12-09 18:34:29 INFO  ApacheHttpClient.sendEvent(523) - responseCode = 405
2018-12-09 18:35:29 INFO  ApacheHttpClient.sendEvent(523) - responseCode = 200
2018-12-09 18:36:29 INFO  ApacheHttpClient.sendEvent(523) - responseCode = 200
2018-12-09 18:37:29 INFO  ApacheHttpClient.sendEvent(523) - responseCode = 200
2018-12-09 18:38:29 INFO  ApacheHttpClient.sendEvent(523) - responseCode = 200
2018-12-09 18:39:29 INFO  ApacheHttpClient.sendEvent(523) - responseCode = 200
2018-12-09 18:40:29 INFO  ApacheHttpClient.sendEvent(523) - responseCode = 200
2018-12-09 18:41:29 INFO  ApacheHttpClient.sendEvent(523) - responseCode = 200
2018-12-09 18:42:29 INFO  ApacheHttpClient.sendEvent(523) - responseCode = 200
2018-12-09 18:43:29 INFO  ApacheHttpClient.sendEvent(523) - responseCode = 200
2018-12-09 18:44:29 INFO  ApacheHttpClient.sendEvent(523) - responseCode = 200
2018-12-09 18:45:29 INFO  ApacheHttpClient.sendEvent(523) - responseCode = 200
2018-12-09 18:46:29 INFO  ApacheHttpClient.sendEvent(523) - responseCode = 200
2018-12-09 18:47:29 INFO  ApacheHttpClient.sendEvent(523) - responseCode = 200
2018-12-09 18:48:29 INFO  ApacheHttpClient.sendEvent(523) - responseCode = 200
2018-12-09 18:49:29 INFO  ApacheHttpClient.sendEvent(523) - responseCode = 200
2018-12-09 18:50:29 INFO  ApacheHttpClient.sendEvent(523) - responseCode = 200
2018-12-09 18:51:29 INFO  ApacheHttpClient.sendEvent(523) - responseCode = 200
2018-12-09 18:52:29 INFO  ApacheHttpClient.sendEvent(523) - responseCode = 200
2018-12-09 18:53:29 INFO  ApacheHttpClient.sendEvent(523) - responseCode = 200
2018-12-09 18:54:29 INFO  ApacheHttpClient.sendEvent(523) - responseCode = 200
2018-12-09 18:55:29 INFO  ApacheHttpClient.sendEvent(523) - responseCode = 200
2018-12-09 18:56:29 INFO  ApacheHttpClient.sendEvent(523) - responseCode = 200
2018-12-09 18:57:29 INFO  ApacheHttpClient.sendEvent(523) - responseCode = 200
2018-12-09 18:58:29 INFO  ApacheHttpClient.sendEvent(523) - responseCode = 200
2018-12-09 18:59:29 INFO  ApacheHttpClient.sendEvent(523) - responseCode = 200
2018-12-09 19:00:29 INFO  ApacheHttpClient.sendEvent(523) - responseCode = 200
2018-12-09 19:01:29 INFO  ApacheHttpClient.sendEvent(523) - responseCode = 200
2018-12-09 19:02:29 INFO  ApacheHttpClient.sendEvent(523) - responseCode = 200
2018-12-09 19:03:29 INFO  ApacheHttpClient.sendEvent(523) - responseCode = 200
2018-12-09 19:04:29 INFO  ApacheHttpClient.sendEvent(523) - responseCode = 200
2018-12-09 19:05:29 INFO  ApacheHttpClient.sendEvent(523) - responseCode = 200
2018-12-09 19:06:29 INFO  ApacheHttpClient.sendEvent(523) - responseCode = 200
2018-12-09 19:07:29 INFO  ApacheHttpClient.sendEvent(523) - responseCode = 200
2018-12-09 19:08:29 INFO  ApacheHttpClient.sendEvent(523) - responseCode = 200
2018-12-09 19:09:29 INFO  ApacheHttpClient.sendEvent(523) - responseCode = 200
2018-12-09 19:10:29 INFO  ApacheHttpClient.sendEvent(523) - responseCode = 200
2018-12-09 19:11:29 INFO  ApacheHttpClient.sendEvent(523) - responseCode = 200
2018-12-09 19:12:29 INFO  ApacheHttpClient.sendEvent(523) - responseCode = 200
2018-12-09 19:13:29 INFO  ApacheHttpClient.sendEvent(523) - responseCode = 200
2018-12-09 19:14:29 INFO  ApacheHttpClient.sendEvent(523) - responseCode = 200
2018-12-09 19:15:29 INFO  ApacheHttpClient.sendEvent(523) - responseCode = 200
2018-12-09 19:16:29 INFO  ApacheHttpClient.sendEvent(523) - responseCode = 200
2018-12-09 19:17:29 INFO  ApacheHttpClient.sendEvent(523) - responseCode = 200
2018-12-09 19:18:24 INFO  ApacheHttpClient.getWebResourceAsStream(490) - responseCode = 200
2018-12-09 19:18:25 INFO  ApacheHttpClient.getTask(475) - responseCode = 200
2018-12-09 19:18:25 INFO  ApacheHttpClient.getWebResourceAsStream(490) - responseCode = 200
2018-12-09 19:18:26 INFO  ApacheHttpClient.completed(27) - responseCode = 200
2018-12-09 19:18:27 INFO  ApacheHttpClient.getTask(475) - responseCode = 200
2018-12-09 19:18:29 INFO  ApacheHttpClient.sendEvent(523) - responseCode = 200
